Release 14.7 - platgen Xilinx EDK 14.7 Build EDK_P.20131013
 (nt64)
Copyright (c) 1995-2013 Xilinx, Inc.  All rights reserved.

Command Line: platgen -p xc6slx16csg324-3 -lang vhdl -intstyle default -msg
__xps/ise/xmsgprops.lst system.mhs 

Parse D:/DRS/KV_Lekic/EDK/system.mhs ...

Read MPD definitions ...

Overriding IP level properties ...

Computing clock values...
INFO:EDK:740 - Cannot determine the input clock associated with port :
   ilmb_cntlr:BRAM_Clk_A. Clock DRCs will not be performed on this core and
   cores connected to it. 
INFO:EDK:740 - Cannot determine the input clock associated with port :
   dlmb_cntlr:BRAM_Clk_A. Clock DRCs will not be performed on this core and
   cores connected to it. 

Performing IP level DRCs on properties...

Running DRC Tcl procedures for OPTION IPLEVEL_DRC_PROC...
Address Map for Processor microblaze_0
  (0000000000-0x0000ffff) dlmb_cntlr	dlmb
  (0000000000-0x0000ffff) ilmb_cntlr	ilmb
  (0x81400000-0x8140ffff) Push_Buttons_4Bits	mb_plb
  (0x81420000-0x8142ffff) DIP_Switches_8Bits	mb_plb
  (0x84000000-0x8400ffff) RS232_Uart_1	mb_plb
  (0x84400000-0x8440ffff) mdm_0	mb_plb
  (0x86a00000-0x86a0ffff) PS2_Mouse_Keyboard	mb_plb
  (0xcfc00000-0xcfc0ffff) vga_controller_0	mb_plb
INFO:EDK:4130 - IPNAME: plb_v46, INSTANCE:mb_plb - tool is overriding PARAMETER
   C_PLBV46_NUM_MASTERS value to 2 -
   C:\Xilinx\14.7\ISE_DS\EDK\hw\XilinxProcessorIPLib\pcores\plb_v46_v1_05_a\data
   \plb_v46_v2_1_0.mpd line 79 
INFO:EDK:4130 - IPNAME: plb_v46, INSTANCE:mb_plb - tool is overriding PARAMETER
   C_PLBV46_NUM_SLAVES value to 6 -
   C:\Xilinx\14.7\ISE_DS\EDK\hw\XilinxProcessorIPLib\pcores\plb_v46_v1_05_a\data
   \plb_v46_v2_1_0.mpd line 80 
INFO:EDK:4130 - IPNAME: plb_v46, INSTANCE:mb_plb - tool is overriding PARAMETER
   C_PLBV46_MID_WIDTH value to 1 -
   C:\Xilinx\14.7\ISE_DS\EDK\hw\XilinxProcessorIPLib\pcores\plb_v46_v1_05_a\data
   \plb_v46_v2_1_0.mpd line 81 
INFO:EDK:4130 - IPNAME: plb_v46, INSTANCE:mb_plb - tool is overriding PARAMETER
   C_PLBV46_DWIDTH value to 32 -
   C:\Xilinx\14.7\ISE_DS\EDK\hw\XilinxProcessorIPLib\pcores\plb_v46_v1_05_a\data
   \plb_v46_v2_1_0.mpd line 83 
INFO:EDK:4130 - IPNAME: lmb_v10, INSTANCE:ilmb - tool is overriding PARAMETER
   C_LMB_NUM_SLAVES value to 1 -
   C:\Xilinx\14.7\ISE_DS\EDK\hw\XilinxProcessorIPLib\pcores\lmb_v10_v2_00_b\data
   \lmb_v10_v2_1_0.mpd line 82 
INFO:EDK:4130 - IPNAME: lmb_v10, INSTANCE:dlmb - tool is overriding PARAMETER
   C_LMB_NUM_SLAVES value to 1 -
   C:\Xilinx\14.7\ISE_DS\EDK\hw\XilinxProcessorIPLib\pcores\lmb_v10_v2_00_b\data
   \lmb_v10_v2_1_0.mpd line 82 
INFO:EDK:4130 - IPNAME: bram_block, INSTANCE:lmb_bram - tool is overriding
   PARAMETER C_MEMSIZE value to 0x10000 -
   C:\Xilinx\14.7\ISE_DS\EDK\hw\XilinxProcessorIPLib\pcores\bram_block_v1_00_a\d
   ata\bram_block_v2_1_0.mpd line 78 
INFO:EDK:4130 - IPNAME: xps_uartlite, INSTANCE:RS232_Uart_1 - tool is overriding
   PARAMETER C_SPLB_NUM_MASTERS value to 2 -
   C:\Xilinx\14.7\ISE_DS\EDK\hw\XilinxProcessorIPLib\pcores\xps_uartlite_v1_02_a
   \data\xps_uartlite_v2_1_0.mpd line 84 
INFO:EDK:4130 - IPNAME: xps_gpio, INSTANCE:DIP_Switches_8Bits - tool is
   overriding PARAMETER C_SPLB_NUM_MASTERS value to 2 -
   C:\Xilinx\14.7\ISE_DS\EDK\hw\XilinxProcessorIPLib\pcores\xps_gpio_v2_00_a\dat
   a\xps_gpio_v2_1_0.mpd line 82 
INFO:EDK:4130 - IPNAME: xps_gpio, INSTANCE:Push_Buttons_4Bits - tool is
   overriding PARAMETER C_SPLB_NUM_MASTERS value to 2 -
   C:\Xilinx\14.7\ISE_DS\EDK\hw\XilinxProcessorIPLib\pcores\xps_gpio_v2_00_a\dat
   a\xps_gpio_v2_1_0.mpd line 82 
INFO:EDK:4130 - IPNAME: xps_ps2, INSTANCE:PS2_Mouse_Keyboard - tool is
   overriding PARAMETER C_SPLB_NUM_MASTERS value to 2 -
   C:\Xilinx\14.7\ISE_DS\EDK\hw\XilinxProcessorIPLib\pcores\xps_ps2_v1_01_b\data
   \xps_ps2_v2_1_0.mpd line 81 
INFO:EDK:4130 - IPNAME: mdm, INSTANCE:mdm_0 - tool is overriding PARAMETER
   C_SPLB_MID_WIDTH value to 1 -
   C:\Xilinx\14.7\ISE_DS\EDK\hw\XilinxProcessorIPLib\pcores\mdm_v2_10_a\data\mdm
   _v2_1_0.mpd line 118 
INFO:EDK:4130 - IPNAME: mdm, INSTANCE:mdm_0 - tool is overriding PARAMETER
   C_SPLB_NUM_MASTERS value to 2 -
   C:\Xilinx\14.7\ISE_DS\EDK\hw\XilinxProcessorIPLib\pcores\mdm_v2_10_a\data\mdm
   _v2_1_0.mpd line 119 
INFO:EDK:4130 - IPNAME: vga_controller, INSTANCE:vga_controller_0 - tool is
   overriding PARAMETER C_SPLB_DWIDTH value to 32 -
   D:\DRS\KV_Lekic\EDK\pcores\vga_controller_v1_00_a\data\vga_controller_v2_1_0.
   mpd line 27 
INFO:EDK:4130 - IPNAME: vga_controller, INSTANCE:vga_controller_0 - tool is
   overriding PARAMETER C_SPLB_NUM_MASTERS value to 2 -
   D:\DRS\KV_Lekic\EDK\pcores\vga_controller_v1_00_a\data\vga_controller_v2_1_0.
   mpd line 28 
INFO:EDK:4130 - IPNAME: vga_controller, INSTANCE:vga_controller_0 - tool is
   overriding PARAMETER C_SPLB_MID_WIDTH value to 1 -
   D:\DRS\KV_Lekic\EDK\pcores\vga_controller_v1_00_a\data\vga_controller_v2_1_0.
   mpd line 29 

Checking platform address map ...

Checking platform configuration ...
IPNAME: plb_v46, INSTANCE: mb_plb - 2 master(s) : 6 slave(s) 
IPNAME: lmb_v10, INSTANCE: ilmb - 1 master(s) : 1 slave(s) 
IPNAME: lmb_v10, INSTANCE: dlmb - 1 master(s) : 1 slave(s) 

Checking port drivers...
WARNING:EDK:4181 - PORT: Peripheral_Reset, CONNECTOR: sys_periph_reset -
   floating connection - D:\DRS\KV_Lekic\EDK\system.mhs line 214 

Performing Clock DRCs...

Performing Reset DRCs...

Overriding system level properties...
INFO:EDK:4130 - IPNAME: microblaze, INSTANCE:microblaze_0 - tcl is overriding
   PARAMETER C_D_PLB value to 1 -
   C:\Xilinx\14.7\ISE_DS\EDK\hw\XilinxProcessorIPLib\pcores\microblaze_v8_50_c\d
   ata\microblaze_v2_1_0.mpd line 233 
INFO:EDK:4130 - IPNAME: microblaze, INSTANCE:microblaze_0 - tcl is overriding
   PARAMETER C_I_PLB value to 1 -
   C:\Xilinx\14.7\ISE_DS\EDK\hw\XilinxProcessorIPLib\pcores\microblaze_v8_50_c\d
   ata\microblaze_v2_1_0.mpd line 236 
INFO:EDK:4130 - IPNAME: microblaze, INSTANCE:microblaze_0 - tcl is overriding
   PARAMETER C_ADDR_TAG_BITS value to 0 -
   C:\Xilinx\14.7\ISE_DS\EDK\hw\XilinxProcessorIPLib\pcores\microblaze_v8_50_c\d
   ata\microblaze_v2_1_0.mpd line 337 
INFO:EDK:4130 - IPNAME: microblaze, INSTANCE:microblaze_0 - tcl is overriding
   PARAMETER C_DCACHE_ADDR_TAG value to 0 -
   C:\Xilinx\14.7\ISE_DS\EDK\hw\XilinxProcessorIPLib\pcores\microblaze_v8_50_c\d
   ata\microblaze_v2_1_0.mpd line 367 
INFO:EDK:4130 - IPNAME: microblaze, INSTANCE:microblaze_0 - tcl is overriding
   PARAMETER C_USE_EXT_BRK value to 1 -
   C:\Xilinx\14.7\ISE_DS\EDK\hw\XilinxProcessorIPLib\pcores\microblaze_v8_50_c\d
   ata\microblaze_v2_1_0.mpd line 402 
INFO:EDK:4130 - IPNAME: microblaze, INSTANCE:microblaze_0 - tcl is overriding
   PARAMETER C_USE_EXT_NM_BRK value to 1 -
   C:\Xilinx\14.7\ISE_DS\EDK\hw\XilinxProcessorIPLib\pcores\microblaze_v8_50_c\d
   ata\microblaze_v2_1_0.mpd line 403 
INFO:EDK:4130 - IPNAME: lmb_bram_if_cntlr, INSTANCE:dlmb_cntlr - tcl is
   overriding PARAMETER C_MASK value to 0x80000000 -
   C:\Xilinx\14.7\ISE_DS\EDK\hw\XilinxProcessorIPLib\pcores\lmb_bram_if_cntlr_v3
   _10_c\data\lmb_bram_if_cntlr_v2_1_0.mpd line 92 
INFO:EDK:4130 - IPNAME: lmb_bram_if_cntlr, INSTANCE:ilmb_cntlr - tcl is
   overriding PARAMETER C_MASK value to 0x80000000 -
   C:\Xilinx\14.7\ISE_DS\EDK\hw\XilinxProcessorIPLib\pcores\lmb_bram_if_cntlr_v3
   _10_c\data\lmb_bram_if_cntlr_v2_1_0.mpd line 92 

Running system level update procedures...

Running UPDATE Tcl procedures for OPTION SYSLEVEL_UPDATE_PROC...

Running system level DRCs...

Performing System level DRCs on properties...

Running DRC Tcl procedures for OPTION SYSLEVEL_DRC_PROC...

Running UPDATE Tcl procedures for OPTION PLATGEN_SYSLEVEL_UPDATE_PROC...
INFO: The microblaze_0 core has constraints automatically generated by XPS in
implementation/microblaze_0_wrapper/microblaze_0_wrapper.ucf.
It can be overridden by constraints placed in the system.ucf file.

INFO: The ilmb core has constraints automatically generated by XPS in
implementation/ilmb_wrapper/ilmb_wrapper.ucf.
It can be overridden by constraints placed in the system.ucf file.

INFO: The dlmb core has constraints automatically generated by XPS in
implementation/dlmb_wrapper/dlmb_wrapper.ucf.
It can be overridden by constraints placed in the system.ucf file.


Modify defaults ...

Creating stub ...

Processing licensed instances ...
Completion time: 0.00 seconds

Creating hardware output directories ...

Managing hardware (BBD-specified) netlist files ...

Managing cache ...
IPNAME:microblaze INSTANCE:microblaze_0 - D:\DRS\KV_Lekic\EDK\system.mhs line 46
- Copying cache implementation netlist
IPNAME:plb_v46 INSTANCE:mb_plb - D:\DRS\KV_Lekic\EDK\system.mhs line 59 -
Copying cache implementation netlist
IPNAME:lmb_v10 INSTANCE:ilmb - D:\DRS\KV_Lekic\EDK\system.mhs line 66 - Copying
cache implementation netlist
IPNAME:lmb_v10 INSTANCE:dlmb - D:\DRS\KV_Lekic\EDK\system.mhs line 73 - Copying
cache implementation netlist
IPNAME:lmb_bram_if_cntlr INSTANCE:dlmb_cntlr - D:\DRS\KV_Lekic\EDK\system.mhs
line 80 - Copying cache implementation netlist
IPNAME:lmb_bram_if_cntlr INSTANCE:ilmb_cntlr - D:\DRS\KV_Lekic\EDK\system.mhs
line 89 - Copying cache implementation netlist
IPNAME:bram_block INSTANCE:lmb_bram - D:\DRS\KV_Lekic\EDK\system.mhs line 98 -
Copying cache implementation netlist
IPNAME:xps_uartlite INSTANCE:rs232_uart_1 - D:\DRS\KV_Lekic\EDK\system.mhs line
105 - Copying cache implementation netlist
IPNAME:xps_gpio INSTANCE:dip_switches_8bits - D:\DRS\KV_Lekic\EDK\system.mhs
line 119 - Copying cache implementation netlist
IPNAME:xps_gpio INSTANCE:push_buttons_4bits - D:\DRS\KV_Lekic\EDK\system.mhs
line 132 - Copying cache implementation netlist
IPNAME:xps_ps2 INSTANCE:ps2_mouse_keyboard - D:\DRS\KV_Lekic\EDK\system.mhs line
145 - Copying cache implementation netlist
IPNAME:mem_bus_mux INSTANCE:mem_bus_mux_0 - D:\DRS\KV_Lekic\EDK\system.mhs line
158 - Copying cache implementation netlist
IPNAME:mdm INSTANCE:mdm_0 - D:\DRS\KV_Lekic\EDK\system.mhs line 192 - Copying
cache implementation netlist
IPNAME:proc_sys_reset INSTANCE:proc_sys_reset_0 - D:\DRS\KV_Lekic\EDK\system.mhs
line 204 - Copying cache implementation netlist

Elaborating instances ...
IPNAME:bram_block INSTANCE:lmb_bram - D:\DRS\KV_Lekic\EDK\system.mhs line 98 -
elaborating IP
IPNAME:clock_generator INSTANCE:clock_generator_0 -
D:\DRS\KV_Lekic\EDK\system.mhs line 175 - elaborating IP
ClkGen elaborate status: PASSED
----------------------------------------
----------------------------------------

Writing HDL for elaborated instances ...

Inserting wrapper level ...
Completion time: 1.00 seconds

Constructing platform-level connectivity ...
Completion time: 0.00 seconds

Writing (top-level) BMM ...

Writing (top-level and wrappers) HDL ...

Generating synthesis project file ...

Running XST synthesis ...

INFO:EDK:4211 - The following instances are synthesized with XST. The MPD option
   IMP_NETLIST=TRUE indicates that a NGC file is to be produced using XST
   synthesis. IMP_NETLIST=FALSE (default) instances are not synthesized. 
INSTANCE:clock_generator_0 - D:\DRS\KV_Lekic\EDK\system.mhs line 175 - Running
XST synthesis
INSTANCE:vga_controller_0 - D:\DRS\KV_Lekic\EDK\system.mhs line 217 - Running
XST synthesis

Running NGCBUILD ...
IPNAME:system_clock_generator_0_wrapper INSTANCE:clock_generator_0 -
D:\DRS\KV_Lekic\EDK\system.mhs line 175 - Running NGCBUILD
INFO:EDK:3509 - NCF files should not be modified as they will be regenerated.
   If any constraint needs to be overridden, this should be done by modifying
   the data/system.ucf file.

Rebuilding cache ...

Total run time: 87.00 seconds
