Release 14.7 Xflow P.20131013 (nt64)
Copyright (c) 1995-2013 Xilinx, Inc.  All rights reserved.
xflow.exe -wd implementation -p xc6slx16csg324-3 -implement xflow.opt system.ngc
 
PMSPEC -- Overriding Xilinx file
<C:/Xilinx/14.7/ISE_DS/EDK/spartan6/data/spartan6.acd> with local file
<C:/Xilinx/14.7/ISE_DS/ISE/spartan6/data/spartan6.acd>

Using Flow File: D:/DRS/KV_Lekic/EDK/implementation/fpga.flw 
Using Option File(s): 
 D:/DRS/KV_Lekic/EDK/implementation/xflow.opt 

Creating Script File ... 

#----------------------------------------------#
# Starting program ngdbuild
# ngdbuild -p xc6slx16csg324-3 -nt timestamp -bm system.bmm
"D:/DRS/KV_Lekic/EDK/implementation/system.ngc" -uc system.ucf system.ngd 
#----------------------------------------------#
Release 14.7 - ngdbuild P.20131013 (nt64)
Copyright (c) 1995-2013 Xilinx, Inc.  All rights reserved.
PMSPEC -- Overriding Xilinx file
<C:/Xilinx/14.7/ISE_DS/EDK/spartan6/data/spartan6.acd> with local file
<C:/Xilinx/14.7/ISE_DS/ISE/spartan6/data/spartan6.acd>

Command Line: C:\Xilinx\14.7\ISE_DS\ISE\bin\nt64\unwrapped\ngdbuild.exe -p
xc6slx16csg324-3 -nt timestamp -bm system.bmm
D:/DRS/KV_Lekic/EDK/implementation/system.ngc -uc system.ucf system.ngd

Reading NGO file "D:/DRS/KV_Lekic/EDK/implementation/system.ngc" ...
Loading design module
"D:/DRS/KV_Lekic/EDK/implementation/system_dip_switches_8bits_wrapper.ngc"...
Loading design module
"D:/DRS/KV_Lekic/EDK/implementation/system_push_buttons_4bits_wrapper.ngc"...
Loading design module
"D:/DRS/KV_Lekic/EDK/implementation/system_rs232_uart_1_wrapper.ngc"...
Loading design module
"D:/DRS/KV_Lekic/EDK/implementation/system_clock_generator_0_wrapper.ngc"...
Loading design module
"D:/DRS/KV_Lekic/EDK/implementation/system_proc_sys_reset_0_wrapper.ngc"...
Loading design module
"D:/DRS/KV_Lekic/EDK/implementation/system_vga_controller_0_wrapper.ngc"...
Loading design module
"D:/DRS/KV_Lekic/EDK/implementation/system_microblaze_0_wrapper.ngc"...
Loading design module
"D:/DRS/KV_Lekic/EDK/implementation/system_mb_plb_wrapper.ngc"...
Loading design module
"D:/DRS/KV_Lekic/EDK/implementation/system_ilmb_wrapper.ngc"...
Loading design module
"D:/DRS/KV_Lekic/EDK/implementation/system_dlmb_wrapper.ngc"...
Loading design module
"D:/DRS/KV_Lekic/EDK/implementation/system_dlmb_cntlr_wrapper.ngc"...
Loading design module
"D:/DRS/KV_Lekic/EDK/implementation/system_ilmb_cntlr_wrapper.ngc"...
Loading design module
"D:/DRS/KV_Lekic/EDK/implementation/system_ps2_mouse_keyboard_wrapper.ngc"...
Loading design module
"D:/DRS/KV_Lekic/EDK/implementation/system_mdm_0_wrapper.ngc"...
Loading design module
"D:/DRS/KV_Lekic/EDK/implementation/system_lmb_bram_wrapper.ngc"...
Loading design module
"D:/DRS/KV_Lekic/EDK/implementation/system_mem_bus_mux_0_wrapper.ngc"...
Gathering constraint information from source properties...
Done.

Annotating constraints to design from ucf file "system.ucf" ...
Resolving constraint associations...
Checking Constraint Associations...
INFO:ConstraintSystem:178 - TNM 'sys_clk_pin', used in period specification
   'TS_sys_clk_pin', was traced into PLL_ADV instance
   clock_generator_0/PLL0_INST/Using_PLL_ADV.PLL_ADV_inst. The following new TNM
   groups and period specifications were generated at the PLL_ADV output(s): 
   CLKOUT0: <TIMESPEC TS_clock_generator_0_clock_generator_0_SIG_PLL0_CLKOUT0 =
   PERIOD "clock_generator_0_clock_generator_0_SIG_PLL0_CLKOUT0" TS_sys_clk_pin
   * 0.25 HIGH 50%>

Done...

Processing BMM file "system.bmm" ...

Checking expanded design ...
WARNING:NgdBuild:443 - SFF primitive
   'microblaze_0/microblaze_0/MicroBlaze_Core_I/Performance.Decode_I/Using_FPGA.
   Gen_Bits[27].MEM_EX_Result_Inst' has unconnected output pin

Partition Implementation Status
-------------------------------

  No Partitions were found in this design.

-------------------------------

NGDBUILD Design Results Summary:
  Number of errors:     0
  Number of warnings:   1

Writing NGD file "system.ngd" ...
Total REAL time to NGDBUILD completion:  42 sec
Total CPU time to NGDBUILD completion:   41 sec

Writing NGDBUILD log file "system.bld"...

NGDBUILD done.



#----------------------------------------------#
# Starting program map
# map -o system_map.ncd -w -pr b -ol high -timing -detail system.ngd system.pcf 
#----------------------------------------------#
Release 14.7 - Map P.20131013 (nt64)
Copyright (c) 1995-2013 Xilinx, Inc.  All rights reserved.
PMSPEC -- Overriding Xilinx file
<C:/Xilinx/14.7/ISE_DS/EDK/data/Xdh_PrimTypeLib.xda> with local file
<C:/Xilinx/14.7/ISE_DS/ISE/data/Xdh_PrimTypeLib.xda>
Using target part "6slx16csg324-3".
Mapping design into LUTs...
WARNING:MapLib:23 - Short on signal fpga_0_mem_bus_mux_0_FLASH_RPN_O_pin
   detected.
WARNING:MapLib:23 - Short on signal fpga_0_mem_bus_mux_0_QUAD_SPI_C_O_pin
   detected.
WARNING:MapLib:23 - Short on signal fpga_0_mem_bus_mux_0_FLASH_RPN_O_pin
   detected.
WARNING:MapLib:23 - Short on signal fpga_0_mem_bus_mux_0_QUAD_SPI_C_O_pin
   detected.
WARNING:MapLib:23 - Short on signal fpga_0_mem_bus_mux_0_FLASH_RPN_O_pin
   detected.
WARNING:MapLib:23 - Short on signal fpga_0_mem_bus_mux_0_QUAD_SPI_C_O_pin
   detected.
WARNING:MapLib:23 - Short on signal fpga_0_mem_bus_mux_0_FLASH_RPN_O_pin
   detected.
WARNING:MapLib:23 - Short on signal fpga_0_mem_bus_mux_0_QUAD_SPI_C_O_pin
   detected.
WARNING:MapLib:23 - Short on signal fpga_0_mem_bus_mux_0_FLASH_RPN_O_pin
   detected.
WARNING:MapLib:23 - Short on signal fpga_0_mem_bus_mux_0_FLASH_RPN_O_pin
   detected.
WARNING:MapLib:23 - Short on signal fpga_0_mem_bus_mux_0_QUAD_SPI_C_O_pin
   detected.
WARNING:MapLib:23 - Short on signal fpga_0_mem_bus_mux_0_QUAD_SPI_C_O_pin
   detected.
WARNING:MapLib:701 - Signal fpga_0_mem_bus_mux_0_MOSI_QUAD_SPI_pin connected to
   top level port fpga_0_mem_bus_mux_0_MOSI_QUAD_SPI_pin has been removed.
WARNING:MapLib:701 - Signal fpga_0_mem_bus_mux_0_DQ_pin<0> connected to top
   level port fpga_0_mem_bus_mux_0_DQ_pin<0> has been removed.
WARNING:MapLib:701 - Signal fpga_0_mem_bus_mux_0_DQ_pin<1> connected to top
   level port fpga_0_mem_bus_mux_0_DQ_pin<1> has been removed.
WARNING:MapLib:701 - Signal fpga_0_mem_bus_mux_0_DQ_pin<2> connected to top
   level port fpga_0_mem_bus_mux_0_DQ_pin<2> has been removed.
WARNING:MapLib:701 - Signal fpga_0_mem_bus_mux_0_DQ_pin<3> connected to top
   level port fpga_0_mem_bus_mux_0_DQ_pin<3> has been removed.
WARNING:MapLib:701 - Signal fpga_0_mem_bus_mux_0_DQ_pin<4> connected to top
   level port fpga_0_mem_bus_mux_0_DQ_pin<4> has been removed.
WARNING:MapLib:701 - Signal fpga_0_mem_bus_mux_0_DQ_pin<5> connected to top
   level port fpga_0_mem_bus_mux_0_DQ_pin<5> has been removed.
WARNING:MapLib:701 - Signal fpga_0_mem_bus_mux_0_DQ_pin<6> connected to top
   level port fpga_0_mem_bus_mux_0_DQ_pin<6> has been removed.
WARNING:MapLib:701 - Signal fpga_0_mem_bus_mux_0_DQ_pin<7> connected to top
   level port fpga_0_mem_bus_mux_0_DQ_pin<7> has been removed.
WARNING:MapLib:701 - Signal fpga_0_mem_bus_mux_0_DQ_pin<8> connected to top
   level port fpga_0_mem_bus_mux_0_DQ_pin<8> has been removed.
WARNING:MapLib:701 - Signal fpga_0_mem_bus_mux_0_DQ_pin<9> connected to top
   level port fpga_0_mem_bus_mux_0_DQ_pin<9> has been removed.
WARNING:MapLib:701 - Signal fpga_0_mem_bus_mux_0_DQ_pin<10> connected to top
   level port fpga_0_mem_bus_mux_0_DQ_pin<10> has been removed.
WARNING:MapLib:701 - Signal fpga_0_mem_bus_mux_0_DQ_pin<11> connected to top
   level port fpga_0_mem_bus_mux_0_DQ_pin<11> has been removed.
WARNING:MapLib:701 - Signal fpga_0_mem_bus_mux_0_DQ_pin<12> connected to top
   level port fpga_0_mem_bus_mux_0_DQ_pin<12> has been removed.
WARNING:MapLib:701 - Signal fpga_0_mem_bus_mux_0_DQ_pin<13> connected to top
   level port fpga_0_mem_bus_mux_0_DQ_pin<13> has been removed.
WARNING:MapLib:701 - Signal fpga_0_mem_bus_mux_0_DQ_pin<14> connected to top
   level port fpga_0_mem_bus_mux_0_DQ_pin<14> has been removed.
WARNING:MapLib:701 - Signal fpga_0_mem_bus_mux_0_DQ_pin<15> connected to top
   level port fpga_0_mem_bus_mux_0_DQ_pin<15> has been removed.
Writing file system_map.ngm...
Running directed packing...
Running delay-based LUT packing...
Updating timing models...
INFO:Map:215 - The Interim Design Summary has been generated in the MAP Report
   (.mrp).
Running timing-driven placement...
Total REAL time at the beginning of Placer: 30 secs 
Total CPU  time at the beginning of Placer: 22 secs 

Phase 1.1  Initial Placement Analysis
Phase 1.1  Initial Placement Analysis (Checksum:e7994980) REAL time: 33 secs 

Phase 2.7  Design Feasibility Check
WARNING:Place:837 - Partially locked IO Bus is found. 
    Following components of the bus are not locked: 
   	 Comp: fpga_0_Push_Buttons_4Bits_GPIO_IO_I_pin<1>

WARNING:Place:838 - An IO Bus with more than one IO standard is found.
   Components associated with this bus are as follows: 
   	 Comp: fpga_0_Push_Buttons_4Bits_GPIO_IO_I_pin<3>   IOSTANDARD = LVCMOS33
   	 Comp: fpga_0_Push_Buttons_4Bits_GPIO_IO_I_pin<2>   IOSTANDARD = LVCMOS33
   	 Comp: fpga_0_Push_Buttons_4Bits_GPIO_IO_I_pin<1>   IOSTANDARD = LVCMOS25
   	 Comp: fpga_0_Push_Buttons_4Bits_GPIO_IO_I_pin<0>   IOSTANDARD = LVCMOS33


INFO:Place:834 - Only a subset of IOs are locked. Out of 66 IOs, 65 are locked
   and 1 are not locked. If you would like to print the names of these IOs,
   please set the environment variable XIL_PAR_DESIGN_CHECK_VERBOSE to 1. 
Phase 2.7  Design Feasibility Check (Checksum:e7994980) REAL time: 34 secs 

Phase 3.31  Local Placement Optimization
Phase 3.31  Local Placement Optimization (Checksum:9bd6a70) REAL time: 34 secs 

Phase 4.2  Initial Placement for Architecture Specific Features
...
Phase 4.2  Initial Placement for Architecture Specific Features
(Checksum:7abd5de4) REAL time: 44 secs 

Phase 5.36  Local Placement Optimization
Phase 5.36  Local Placement Optimization (Checksum:7abd5de4) REAL time: 44 secs 

Phase 6.30  Global Clock Region Assignment
Phase 6.30  Global Clock Region Assignment (Checksum:7abd5de4) REAL time: 44 secs 

Phase 7.3  Local Placement Optimization
...
Phase 7.3  Local Placement Optimization (Checksum:c68bdb3e) REAL time: 44 secs 

Phase 8.5  Local Placement Optimization
Phase 8.5  Local Placement Optimization (Checksum:c68bdb3e) REAL time: 44 secs 

Phase 9.8  Global Placement
.......................
................................................................................
.............................................................................................................................
.......................................................................................................................................
.....................................................................
Phase 9.8  Global Placement (Checksum:2030e5d7) REAL time: 2 mins 

Phase 10.5  Local Placement Optimization
Phase 10.5  Local Placement Optimization (Checksum:2030e5d7) REAL time: 2 mins 

Phase 11.18  Placement Optimization
Phase 11.18  Placement Optimization (Checksum:57cb3aef) REAL time: 2 mins 16 secs 

Phase 12.5  Local Placement Optimization
Phase 12.5  Local Placement Optimization (Checksum:57cb3aef) REAL time: 2 mins 16 secs 

Phase 13.34  Placement Validation
Phase 13.34  Placement Validation (Checksum:926bc111) REAL time: 2 mins 17 secs 

Total REAL time to Placer completion: 2 mins 17 secs 
Total CPU  time to Placer completion: 2 mins 7 secs 
Running post-placement packing...
Writing output files...

Design Summary:
Number of errors:      0
Number of warnings:   49
Slice Logic Utilization:
  Number of Slice Registers:                 2,682 out of  18,224   14%
    Number used as Flip Flops:               2,675
    Number used as Latches:                      0
    Number used as Latch-thrus:                  0
    Number used as AND/OR logics:                7
  Number of Slice LUTs:                      3,951 out of   9,112   43%
    Number used as logic:                    3,702 out of   9,112   40%
      Number using O6 output only:           2,661
      Number using O5 output only:             144
      Number using O5 and O6:                  897
      Number used as ROM:                        0
    Number used as Memory:                     149 out of   2,176    6%
      Number used as Dual Port RAM:             64
        Number using O6 output only:             0
        Number using O5 output only:             0
        Number using O5 and O6:                 64
      Number used as Single Port RAM:            0
      Number used as Shift Register:            85
        Number using O6 output only:            26
        Number using O5 output only:             1
        Number using O5 and O6:                 58
    Number used exclusively as route-thrus:    100
      Number with same-slice register load:     89
      Number with same-slice carry load:        11
      Number with other load:                    0

Slice Logic Distribution:
  Number of occupied Slices:                 1,544 out of   2,278   67%
  Number of MUXCYs used:                       732 out of   4,556   16%
  Number of LUT Flip Flop pairs used:        4,473
    Number with an unused Flip Flop:         2,122 out of   4,473   47%
    Number with an unused LUT:                 522 out of   4,473   11%
    Number of fully used LUT-FF pairs:       1,829 out of   4,473   40%
    Number of unique control sets:             165
    Number of slice register sites lost
      to control set restrictions:             614 out of  18,224    3%

  A LUT Flip Flop pair for this architecture represents one LUT paired with
  one Flip Flop within a slice.  A control set is a unique combination of
  clock, reset, set, and enable signals for a registered element.
  The Slice Logic Distribution report is not meaningful if the design is
  over-mapped for a non-slice resource or if Placement fails.

IO Utilization:
  Number of bonded IOBs:                        66 out of     232   28%
    Number of LOCed IOBs:                       65 out of      66   98%
    IOB Flip Flops:                             14

Specific Feature Utilization:
  Number of RAMB16BWERs:                        32 out of      32  100%
  Number of RAMB8BWERs:                          0 out of      64    0%
  Number of BUFIO2/BUFIO2_2CLKs:                 1 out of      32    3%
    Number used as BUFIO2s:                      1
    Number used as BUFIO2_2CLKs:                 0
  Number of BUFIO2FB/BUFIO2FB_2CLKs:             0 out of      32    0%
  Number of BUFG/BUFGMUXs:                       2 out of      16   12%
    Number used as BUFGs:                        2
    Number used as BUFGMUX:                      0
  Number of DCM/DCM_CLKGENs:                     0 out of       4    0%
  Number of ILOGIC2/ISERDES2s:                   5 out of     248    2%
    Number used as ILOGIC2s:                     5
    Number used as ISERDES2s:                    0
  Number of IODELAY2/IODRP2/IODRP2_MCBs:         0 out of     248    0%
  Number of OLOGIC2/OSERDES2s:                   7 out of     248    2%
    Number used as OLOGIC2s:                     7
    Number used as OSERDES2s:                    0
  Number of BSCANs:                              1 out of       4   25%
  Number of BUFHs:                               0 out of     128    0%
  Number of BUFPLLs:                             0 out of       8    0%
  Number of BUFPLL_MCBs:                         0 out of       4    0%
  Number of DSP48A1s:                            3 out of      32    9%
  Number of ICAPs:                               0 out of       1    0%
  Number of MCBs:                                0 out of       2    0%
  Number of PCILOGICSEs:                         0 out of       2    0%
  Number of PLL_ADVs:                            1 out of       2   50%
  Number of PMVs:                                0 out of       1    0%
  Number of STARTUPs:                            0 out of       1    0%
  Number of SUSPEND_SYNCs:                       0 out of       1    0%

Average Fanout of Non-Clock Nets:                4.20

Peak Memory Usage:  508 MB
Total REAL time to MAP completion:  2 mins 24 secs 
Total CPU time to MAP completion:   2 mins 14 secs 

Mapping completed.
See MAP report file "system_map.mrp" for details.



#----------------------------------------------#
# Starting program par
# par -w -ol high system_map.ncd system.ncd system.pcf 
#----------------------------------------------#
Release 14.7 - par P.20131013 (nt64)
Copyright (c) 1995-2013 Xilinx, Inc.  All rights reserved.
PMSPEC -- Overriding Xilinx file <C:/Xilinx/14.7/ISE_DS/EDK/data/parBmgr.acd> with local file
<C:/Xilinx/14.7/ISE_DS/ISE/data/parBmgr.acd>



Constraints file: system.pcf.
Loading device for application Rf_Device from file '6slx16.nph' in environment
C:\Xilinx\14.7\ISE_DS\ISE\;C:\Xilinx\14.7\ISE_DS\EDK.
   "system" is an NCD, version 3.2, device xc6slx16, package csg324, speed -3

Initializing temperature to 85.000 Celsius. (default - Range: 0.000 to 85.000 Celsius)
Initializing voltage to 1.140 Volts. (default - Range: 1.140 to 1.260 Volts)


Device speed data version:  "PRODUCTION 1.23 2013-10-13".



Device Utilization Summary:

Slice Logic Utilization:
  Number of Slice Registers:                 2,682 out of  18,224   14%
    Number used as Flip Flops:               2,675
    Number used as Latches:                      0
    Number used as Latch-thrus:                  0
    Number used as AND/OR logics:                7
  Number of Slice LUTs:                      3,951 out of   9,112   43%
    Number used as logic:                    3,702 out of   9,112   40%
      Number using O6 output only:           2,661
      Number using O5 output only:             144
      Number using O5 and O6:                  897
      Number used as ROM:                        0
    Number used as Memory:                     149 out of   2,176    6%
      Number used as Dual Port RAM:             64
        Number using O6 output only:             0
        Number using O5 output only:             0
        Number using O5 and O6:                 64
      Number used as Single Port RAM:            0
      Number used as Shift Register:            85
        Number using O6 output only:            26
        Number using O5 output only:             1
        Number using O5 and O6:                 58
    Number used exclusively as route-thrus:    100
      Number with same-slice register load:     89
      Number with same-slice carry load:        11
      Number with other load:                    0

Slice Logic Distribution:
  Number of occupied Slices:                 1,544 out of   2,278   67%
  Number of MUXCYs used:                       732 out of   4,556   16%
  Number of LUT Flip Flop pairs used:        4,473
    Number with an unused Flip Flop:         2,122 out of   4,473   47%
    Number with an unused LUT:                 522 out of   4,473   11%
    Number of fully used LUT-FF pairs:       1,829 out of   4,473   40%
    Number of slice register sites lost
      to control set restrictions:               0 out of  18,224    0%

  A LUT Flip Flop pair for this architecture represents one LUT paired with
  one Flip Flop within a slice.  A control set is a unique combination of
  clock, reset, set, and enable signals for a registered element.
  The Slice Logic Distribution report is not meaningful if the design is
  over-mapped for a non-slice resource or if Placement fails.

IO Utilization:
  Number of bonded IOBs:                        66 out of     232   28%
    Number of LOCed IOBs:                       65 out of      66   98%
    IOB Flip Flops:                             14

Specific Feature Utilization:
  Number of RAMB16BWERs:                        32 out of      32  100%
  Number of RAMB8BWERs:                          0 out of      64    0%
  Number of BUFIO2/BUFIO2_2CLKs:                 1 out of      32    3%
    Number used as BUFIO2s:                      1
    Number used as BUFIO2_2CLKs:                 0
  Number of BUFIO2FB/BUFIO2FB_2CLKs:             0 out of      32    0%
  Number of BUFG/BUFGMUXs:                       2 out of      16   12%
    Number used as BUFGs:                        2
    Number used as BUFGMUX:                      0
  Number of DCM/DCM_CLKGENs:                     0 out of       4    0%
  Number of ILOGIC2/ISERDES2s:                   5 out of     248    2%
    Number used as ILOGIC2s:                     5
    Number used as ISERDES2s:                    0
  Number of IODELAY2/IODRP2/IODRP2_MCBs:         0 out of     248    0%
  Number of OLOGIC2/OSERDES2s:                   7 out of     248    2%
    Number used as OLOGIC2s:                     7
    Number used as OSERDES2s:                    0
  Number of BSCANs:                              1 out of       4   25%
  Number of BUFHs:                               0 out of     128    0%
  Number of BUFPLLs:                             0 out of       8    0%
  Number of BUFPLL_MCBs:                         0 out of       4    0%
  Number of DSP48A1s:                            3 out of      32    9%
  Number of ICAPs:                               0 out of       1    0%
  Number of MCBs:                                0 out of       2    0%
  Number of PCILOGICSEs:                         0 out of       2    0%
  Number of PLL_ADVs:                            1 out of       2   50%
  Number of PMVs:                                0 out of       1    0%
  Number of STARTUPs:                            0 out of       1    0%
  Number of SUSPEND_SYNCs:                       0 out of       1    0%


Overall effort level (-ol):   High 
Router effort level (-rl):    High 

Starting initial Timing Analysis.  REAL time: 16 secs 
Finished initial Timing Analysis.  REAL time: 16 secs 

WARNING:Par:288 - The signal
   microblaze_0/microblaze_0/MicroBlaze_Core_I/Performance.Data_Flow_I/Register_File_I/Using_LUT6.All_RAM32M[13].ram32m_i_RAMD_D1_O has no
   load.  PAR will not attempt to route this signal.
WARNING:Par:288 - The signal
   microblaze_0/microblaze_0/MicroBlaze_Core_I/Performance.Data_Flow_I/Register_File_I/Using_LUT6.All_RAM32M[1].ram32m_i_RAMD_D1_O has no
   load.  PAR will not attempt to route this signal.
WARNING:Par:288 - The signal
   microblaze_0/microblaze_0/MicroBlaze_Core_I/Performance.Data_Flow_I/Register_File_I/Using_LUT6.All_RAM32M[0].ram32m_i_RAMD_D1_O has no
   load.  PAR will not attempt to route this signal.
WARNING:Par:288 - The signal
   microblaze_0/microblaze_0/MicroBlaze_Core_I/Performance.Data_Flow_I/Register_File_I/Using_LUT6.All_RAM32M[6].ram32m_i_RAMD_D1_O has no
   load.  PAR will not attempt to route this signal.
WARNING:Par:288 - The signal
   microblaze_0/microblaze_0/MicroBlaze_Core_I/Performance.Data_Flow_I/Register_File_I/Using_LUT6.All_RAM32M[2].ram32m_i_RAMD_D1_O has no
   load.  PAR will not attempt to route this signal.
WARNING:Par:288 - The signal
   microblaze_0/microblaze_0/MicroBlaze_Core_I/Performance.Data_Flow_I/Register_File_I/Using_LUT6.All_RAM32M[12].ram32m_i_RAMD_D1_O has no
   load.  PAR will not attempt to route this signal.
WARNING:Par:288 - The signal
   microblaze_0/microblaze_0/MicroBlaze_Core_I/Performance.Data_Flow_I/Register_File_I/Using_LUT6.All_RAM32M[10].ram32m_i_RAMD_D1_O has no
   load.  PAR will not attempt to route this signal.
WARNING:Par:288 - The signal
   microblaze_0/microblaze_0/MicroBlaze_Core_I/Performance.Data_Flow_I/Register_File_I/Using_LUT6.All_RAM32M[7].ram32m_i_RAMD_D1_O has no
   load.  PAR will not attempt to route this signal.
WARNING:Par:288 - The signal
   microblaze_0/microblaze_0/MicroBlaze_Core_I/Performance.Data_Flow_I/Register_File_I/Using_LUT6.All_RAM32M[14].ram32m_i_RAMD_D1_O has no
   load.  PAR will not attempt to route this signal.
WARNING:Par:288 - The signal
   microblaze_0/microblaze_0/MicroBlaze_Core_I/Performance.Data_Flow_I/Register_File_I/Using_LUT6.All_RAM32M[5].ram32m_i_RAMD_D1_O has no
   load.  PAR will not attempt to route this signal.
WARNING:Par:288 - The signal
   microblaze_0/microblaze_0/MicroBlaze_Core_I/Performance.Data_Flow_I/Register_File_I/Using_LUT6.All_RAM32M[4].ram32m_i_RAMD_D1_O has no
   load.  PAR will not attempt to route this signal.
WARNING:Par:288 - The signal
   microblaze_0/microblaze_0/MicroBlaze_Core_I/Performance.Data_Flow_I/Register_File_I/Using_LUT6.All_RAM32M[11].ram32m_i_RAMD_D1_O has no
   load.  PAR will not attempt to route this signal.
WARNING:Par:288 - The signal
   microblaze_0/microblaze_0/MicroBlaze_Core_I/Performance.Data_Flow_I/Register_File_I/Using_LUT6.All_RAM32M[15].ram32m_i_RAMD_D1_O has no
   load.  PAR will not attempt to route this signal.
WARNING:Par:288 - The signal dlmb_LMB_ABus<30> has no load.  PAR will not attempt to route this signal.
WARNING:Par:288 - The signal dlmb_LMB_ABus<31> has no load.  PAR will not attempt to route this signal.
WARNING:Par:288 - The signal
   microblaze_0/microblaze_0/MicroBlaze_Core_I/Performance.Data_Flow_I/Register_File_I/Using_LUT6.All_RAM32M[3].ram32m_i_RAMD_D1_O has no
   load.  PAR will not attempt to route this signal.
WARNING:Par:288 - The signal
   microblaze_0/microblaze_0/MicroBlaze_Core_I/Performance.Data_Flow_I/Register_File_I/Using_LUT6.All_RAM32M[8].ram32m_i_RAMD_D1_O has no
   load.  PAR will not attempt to route this signal.
WARNING:Par:288 - The signal
   microblaze_0/microblaze_0/MicroBlaze_Core_I/Performance.Data_Flow_I/Register_File_I/Using_LUT6.All_RAM32M[9].ram32m_i_RAMD_D1_O has no
   load.  PAR will not attempt to route this signal.
Starting Router


Phase  1  : 27359 unrouted;      REAL time: 17 secs 

Phase  2  : 22105 unrouted;      REAL time: 19 secs 

Phase  3  : 9779 unrouted;      REAL time: 34 secs 

Phase  4  : 9779 unrouted; (Setup:0, Hold:0, Component Switching Limit:0)     REAL time: 35 secs 

Updating file: system.ncd with current fully routed design.

Phase  5  : 0 unrouted; (Setup:0, Hold:0, Component Switching Limit:0)     REAL time: 52 secs 

Phase  6  : 0 unrouted; (Setup:0, Hold:0, Component Switching Limit:0)     REAL time: 52 secs 

Phase  7  : 0 unrouted; (Setup:0, Hold:0, Component Switching Limit:0)     REAL time: 52 secs 

Phase  8  : 0 unrouted; (Setup:0, Hold:0, Component Switching Limit:0)     REAL time: 52 secs 

Phase  9  : 0 unrouted; (Setup:0, Hold:0, Component Switching Limit:0)     REAL time: 52 secs 

Phase 10  : 0 unrouted; (Setup:0, Hold:0, Component Switching Limit:0)     REAL time: 54 secs 
Total REAL time to Router completion: 54 secs 
Total CPU time to Router completion: 49 secs 

Partition Implementation Status
-------------------------------

  No Partitions were found in this design.

-------------------------------

Generating "PAR" statistics.

**************************
Generating Clock Report
**************************

+---------------------+--------------+------+------+------------+-------------+
|        Clock Net    |   Resource   |Locked|Fanout|Net Skew(ns)|Max Delay(ns)|
+---------------------+--------------+------+------+------------+-------------+
|           clk_25Mhz |  BUFGMUX_X2Y3| No   | 1024 |  0.549     |  1.395      |
+---------------------+--------------+------+------+------------+-------------+
|microblaze_0_mdm_bus |              |      |      |            |             |
|            _Dbg_Clk | BUFGMUX_X3Y13| No   |   61 |  0.060     |  0.906      |
+---------------------+--------------+------+------+------------+-------------+
|microblaze_0_mdm_bus |              |      |      |            |             |
|         _Dbg_Update |         Local|      |   20 |  2.546     |  4.048      |
+---------------------+--------------+------+------+------------+-------------+

* Net Skew is the difference between the minimum and maximum routing
only delays for the net. Note this is different from Clock Skew which
is reported in TRCE timing report. Clock Skew is the difference between
the minimum and maximum path delays which includes logic delays.

* The fanout is the number of component pins not the individual BEL loads,
for example SLICE loads not FF loads.

Timing Score: 0 (Setup: 0, Hold: 0, Component Switching Limit: 0)

Number of Timing Constraints that were not applied: 1

Asterisk (*) preceding a constraint indicates it was not met.
   This may be due to a setup or hold violation.

----------------------------------------------------------------------------------------------------------
  Constraint                                |    Check    | Worst Case |  Best Case | Timing |   Timing   
                                            |             |    Slack   | Achievable | Errors |    Score   
----------------------------------------------------------------------------------------------------------
  TS_sys_clk_pin = PERIOD TIMEGRP "sys_clk_ | MINLOWPULSE |     6.666ns|     3.334ns|       0|           0
  pin" 100 MHz HIGH 50%                     |             |            |            |        |            
----------------------------------------------------------------------------------------------------------
  TS_clock_generator_0_clock_generator_0_SI | SETUP       |    28.625ns|    11.375ns|       0|           0
  G_PLL0_CLKOUT0 = PERIOD TIMEGRP         " | HOLD        |     0.310ns|            |       0|           0
  clock_generator_0_clock_generator_0_SIG_P |             |            |            |        |            
  LL0_CLKOUT0" TS_sys_clk_pin         * 0.2 |             |            |            |        |            
  5 HIGH 50%                                |             |            |            |        |            
----------------------------------------------------------------------------------------------------------


Derived Constraint Report
Review Timing Report for more details on the following derived constraints.
To create a Timing Report, run "trce -v 12 -fastpaths -o design_timing_report design.ncd design.pcf"
or "Run Timing Analysis" from Timing Analyzer (timingan).
Derived Constraints for TS_sys_clk_pin
+-------------------------------+-------------+-------------+-------------+-------------+-------------+-------------+-------------+
|                               |   Period    |       Actual Period       |      Timing Errors        |      Paths Analyzed       |
|           Constraint          | Requirement |-------------+-------------|-------------+-------------|-------------+-------------|
|                               |             |   Direct    | Derivative  |   Direct    | Derivative  |   Direct    | Derivative  |
+-------------------------------+-------------+-------------+-------------+-------------+-------------+-------------+-------------+
|TS_sys_clk_pin                 |     10.000ns|      3.334ns|      2.844ns|            0|            0|            0|       461145|
| TS_clock_generator_0_clock_gen|     40.000ns|     11.375ns|          N/A|            0|            0|       461145|            0|
| erator_0_SIG_PLL0_CLKOUT0     |             |             |             |             |             |             |             |
+-------------------------------+-------------+-------------+-------------+-------------+-------------+-------------+-------------+

All constraints were met.


Generating Pad Report.

All signals are completely routed.

WARNING:Par:283 - There are 18 loadless signals in this design. This design will cause Bitgen to issue DRC warnings.

Total REAL time to PAR completion: 57 secs 
Total CPU time to PAR completion: 52 secs 

Peak Memory Usage:  435 MB

Placer: Placement generated during map.
Routing: Completed - No errors found.
Timing: Completed - No errors found.

Number of error messages: 0
Number of warning messages: 20
Number of info messages: 0

Writing design to file system.ncd



PAR done!



#----------------------------------------------#
# Starting program post_par_trce
# trce -e 3 -xml system.twx system.ncd system.pcf 
#----------------------------------------------#
Release 14.7 - Trace  (nt64)
Copyright (c) 1995-2013 Xilinx, Inc.  All rights reserved.


PMSPEC -- Overriding Xilinx file
<C:/Xilinx/14.7/ISE_DS/EDK/spartan6/data/spartan6.acd> with local file
<C:/Xilinx/14.7/ISE_DS/ISE/spartan6/data/spartan6.acd>
Loading device for application Rf_Device from file '6slx16.nph' in environment
C:\Xilinx\14.7\ISE_DS\ISE\;C:\Xilinx\14.7\ISE_DS\EDK.
   "system" is an NCD, version 3.2, device xc6slx16, package csg324, speed -3
--------------------------------------------------------------------------------
Release 14.7 Trace  (nt64)
Copyright (c) 1995-2013 Xilinx, Inc.  All rights reserved.

C:\Xilinx\14.7\ISE_DS\ISE\bin\nt64\unwrapped\trce.exe -e 3 -xml system.twx
system.ncd system.pcf


Design file:              system.ncd
Physical constraint file: system.pcf
Device,speed:             xc6slx16,-3 (PRODUCTION 1.23 2013-10-13)
Report level:             error report
--------------------------------------------------------------------------------

INFO:Timing:3412 - To improve timing, see the Timing Closure User Guide (UG612).
INFO:Timing:2752 - To get complete path coverage, use the unconstrained paths option. All paths that are not constrained will be reported in
   the unconstrained paths section(s) of the report.
INFO:Timing:3339 - The clock-to-out numbers in this timing report are based on a 50 Ohm transmission line loading model.  For the details of
   this model, and for more information on accounting for different loading conditions, please see the device datasheet.


Timing summary:
---------------

Timing errors: 0  Score: 0 (Setup/Max: 0, Hold: 0)

Constraints cover 461145 paths, 0 nets, and 22204 connections

Design statistics:
   Minimum period:  11.375ns (Maximum frequency:  87.912MHz)


Analysis completed Wed Jan 13 09:50:01 2016
--------------------------------------------------------------------------------

Generating Report ...

Number of warnings: 0
Number of info messages: 3
Total time: 14 secs 


