15:07:01.435 INFO  - Processing command line option -hwspec D:\DRS\KV_Lekic\EDK\SDK\SDK_Export\hw\system.xml. 
15:08:46.080 INFO  - Saving repository preferences. 
15:08:46.085 INFO  - Reading in cores from local repositories: 
		 D:\DRS\KV_Lekic\EDK 
15:08:46.114 INFO  - Updating libgen.options on all BSP projects. 
15:08:46.118 INFO  - Cleaning BSP projects in the workspace. 
15:08:57.549 INFO  - Settings changed on project project_bsp. Triggering a rebuild... 
15:08:58.125 INFO  - Refreshed build settings on project project 
15:13:44.448 INFO  - FPGA configured successfully with bitstream "D:/DRS/KV_Lekic/SDK/EDK_hw_platform/download.bit" 
15:14:08.278 INFO  - FPGA configured successfully with bitstream "D:/DRS/KV_Lekic/SDK/EDK_hw_platform/download.bit" 
15:14:38.426 INFO  - FPGA configured successfully with bitstream "D:/DRS/KV_Lekic/SDK/EDK_hw_platform/download.bit" 
15:15:06.415 INFO  - FPGA configured successfully with bitstream "D:/DRS/KV_Lekic/SDK/EDK_hw_platform/download.bit" 
15:15:24.071 INFO  - FPGA configured successfully with bitstream "D:/DRS/KV_Lekic/SDK/EDK_hw_platform/download.bit" 
15:15:49.549 INFO  - FPGA configured successfully with bitstream "D:/DRS/KV_Lekic/SDK/EDK_hw_platform/download.bit" 
15:16:09.515 INFO  - FPGA configured successfully with bitstream "D:/DRS/KV_Lekic/SDK/EDK_hw_platform/download.bit" 
15:16:44.581 INFO  - FPGA configured successfully with bitstream "D:/DRS/KV_Lekic/SDK/EDK_hw_platform/download.bit" 
15:16:59.433 INFO  - FPGA configured successfully with bitstream "D:/DRS/KV_Lekic/SDK/EDK_hw_platform/download.bit" 
15:19:08.771 INFO  - FPGA configured successfully with bitstream "D:/DRS/KV_Lekic/SDK/EDK_hw_platform/download.bit" 
15:20:31.865 INFO  - FPGA configured successfully with bitstream "D:/DRS/KV_Lekic/SDK/EDK_hw_platform/download.bit" 
15:22:51.554 INFO  - FPGA configured successfully with bitstream "D:/DRS/KV_Lekic/SDK/EDK_hw_platform/download.bit" 
15:26:39.043 ERROR - Unexpected error while parsing XMD response ?: com.google.gson.JsonSyntaxException: com.google.gson.stream.MalformedJsonException: invalid number or unquoted string near  
08:49:18.959 INFO  - Processing command line option -hwspec D:\DRS\KV_Lekic\EDK\SDK\SDK_Export\hw\system.xml. 
08:58:02.126 INFO  - FPGA configured successfully with bitstream "D:/DRS/KV_Lekic/SDK/EDK_hw_platform/download.bit" 
08:58:39.531 INFO  - FPGA configured successfully with bitstream "D:/DRS/KV_Lekic/SDK/EDK_hw_platform/download.bit" 
09:00:03.460 INFO  - FPGA configured successfully with bitstream "D:/DRS/KV_Lekic/SDK/EDK_hw_platform/download.bit" 
09:04:58.343 INFO  - FPGA configured successfully with bitstream "D:/DRS/KV_Lekic/SDK/EDK_hw_platform/download.bit" 
09:05:54.462 INFO  - FPGA configured successfully with bitstream "D:/DRS/KV_Lekic/SDK/EDK_hw_platform/download.bit" 
09:09:59.912 ERROR - Unexpected error while parsing XMD response ?: com.google.gson.JsonSyntaxException: com.google.gson.stream.MalformedJsonException: invalid number or unquoted string near  
09:13:36.183 INFO  - Processing command line option -hwspec D:\DRS\KV_Lekic\EDK\SDK\SDK_Export\hw\system.xml. 
09:13:42.015 INFO  - Updating .bit and .bmm files from XPS's export folder. 
09:13:46.502 INFO  - FPGA configured successfully with bitstream "D:/DRS/KV_Lekic/SDK/EDK_hw_platform/download.bit" 
09:13:52.560 INFO  - Copied contents of D:\DRS\KV_Lekic\EDK\SDK\SDK_Export\hw\system.bit into \EDK_hw_platform\system.bit. 
09:13:52.563 INFO  - Copied contents of D:\DRS\KV_Lekic\EDK\SDK\SDK_Export\hw\system_bd.bmm into \EDK_hw_platform\system_bd.bmm. 
09:14:01.995 INFO  - FPGA configured successfully with bitstream "D:/DRS/KV_Lekic/SDK/EDK_hw_platform/download.bit" 
09:27:05.552 ERROR - Unexpected error while parsing XMD response ?: com.google.gson.JsonSyntaxException: com.google.gson.stream.MalformedJsonException: invalid number or unquoted string near  
09:28:34.818 INFO  - Processing command line option -hwspec D:\DRS\KV_Lekic\EDK\SDK\SDK_Export\hw\system.xml. 
09:28:39.856 INFO  - Updating .bit and .bmm files from XPS's export folder. 
09:28:51.323 INFO  - FPGA configured successfully with bitstream "D:/DRS/KV_Lekic/SDK/EDK_hw_platform/download.bit" 
09:30:02.049 INFO  - FPGA configured successfully with bitstream "D:/DRS/KV_Lekic/SDK/EDK_hw_platform/download.bit" 
09:31:37.205 ERROR - Unexpected error while parsing XMD response ?: com.google.gson.JsonSyntaxException: com.google.gson.stream.MalformedJsonException: invalid number or unquoted string near  
09:31:42.803 INFO  - Processing command line option -hwspec D:\DRS\KV_Lekic\EDK\SDK\SDK_Export\hw\system.xml. 
09:31:47.846 INFO  - Updating .bit and .bmm files from XPS's export folder. 
09:31:51.380 INFO  - Copied contents of D:\DRS\KV_Lekic\EDK\SDK\SDK_Export\hw\system.bit into \EDK_hw_platform\system.bit. 
09:31:51.382 INFO  - Copied contents of D:\DRS\KV_Lekic\EDK\SDK\SDK_Export\hw\system_bd.bmm into \EDK_hw_platform\system_bd.bmm. 
09:31:58.065 INFO  - FPGA configured successfully with bitstream "D:/DRS/KV_Lekic/SDK/EDK_hw_platform/download.bit" 
09:32:33.971 INFO  - FPGA configured successfully with bitstream "D:/DRS/KV_Lekic/SDK/EDK_hw_platform/download.bit" 
09:32:52.522 INFO  - FPGA configured successfully with bitstream "D:/DRS/KV_Lekic/SDK/EDK_hw_platform/download.bit" 
09:33:21.314 INFO  - FPGA configured successfully with bitstream "D:/DRS/KV_Lekic/SDK/EDK_hw_platform/download.bit" 
09:33:41.477 INFO  - FPGA configured successfully with bitstream "D:/DRS/KV_Lekic/SDK/EDK_hw_platform/download.bit" 
09:34:37.265 INFO  - FPGA configured successfully with bitstream "D:/DRS/KV_Lekic/SDK/EDK_hw_platform/download.bit" 
09:35:30.794 INFO  - FPGA configured successfully with bitstream "D:/DRS/KV_Lekic/SDK/EDK_hw_platform/download.bit" 
09:35:52.387 INFO  - FPGA configured successfully with bitstream "D:/DRS/KV_Lekic/SDK/EDK_hw_platform/download.bit" 
09:36:10.637 INFO  - FPGA configured successfully with bitstream "D:/DRS/KV_Lekic/SDK/EDK_hw_platform/download.bit" 
09:36:38.217 INFO  - FPGA configured successfully with bitstream "D:/DRS/KV_Lekic/SDK/EDK_hw_platform/download.bit" 
09:36:53.345 INFO  - FPGA configured successfully with bitstream "D:/DRS/KV_Lekic/SDK/EDK_hw_platform/download.bit" 
09:43:16.968 ERROR - Unexpected error while parsing XMD response ?: com.google.gson.JsonSyntaxException: com.google.gson.stream.MalformedJsonException: invalid number or unquoted string near  
09:43:32.372 INFO  - Processing command line option -hwspec D:\DRS\KV_Lekic\EDK\SDK\SDK_Export\hw\system.xml. 
09:43:38.363 INFO  - Updating .bit and .bmm files from XPS's export folder. 
09:43:42.809 INFO  - FPGA configured successfully with bitstream "D:/DRS/KV_Lekic/SDK/EDK_hw_platform/download.bit" 
09:43:45.588 INFO  - Copied contents of D:\DRS\KV_Lekic\EDK\SDK\SDK_Export\hw\system.bit into \EDK_hw_platform\system.bit. 
09:43:45.590 INFO  - Copied contents of D:\DRS\KV_Lekic\EDK\SDK\SDK_Export\hw\system_bd.bmm into \EDK_hw_platform\system_bd.bmm. 
09:43:55.398 INFO  - FPGA configured successfully with bitstream "D:/DRS/KV_Lekic/SDK/EDK_hw_platform/download.bit" 
09:44:15.942 INFO  - FPGA configured successfully with bitstream "D:/DRS/KV_Lekic/SDK/EDK_hw_platform/download.bit" 
09:50:54.622 INFO  - FPGA configured successfully with bitstream "D:/DRS/KV_Lekic/SDK/EDK_hw_platform/download.bit" 
09:52:27.591 INFO  - FPGA configured successfully with bitstream "D:/DRS/KV_Lekic/SDK/EDK_hw_platform/download.bit" 
09:59:43.689 INFO  - FPGA configured successfully with bitstream "D:/DRS/KV_Lekic/SDK/EDK_hw_platform/download.bit" 
10:00:06.326 INFO  - FPGA configured successfully with bitstream "D:/DRS/KV_Lekic/SDK/EDK_hw_platform/download.bit" 
10:00:13.427 ERROR - Unexpected error while parsing XMD response ?: com.google.gson.JsonSyntaxException: com.google.gson.stream.MalformedJsonException: invalid number or unquoted string near  
10:00:30.304 INFO  - Processing command line option -hwspec D:\DRS\KV_Lekic\EDK\SDK\SDK_Export\hw\system.xml. 
10:00:36.211 INFO  - Updating .bit and .bmm files from XPS's export folder. 
10:00:37.448 INFO  - Copied contents of D:\DRS\KV_Lekic\EDK\SDK\SDK_Export\hw\system.bit into \EDK_hw_platform\system.bit. 
10:00:37.452 INFO  - Copied contents of D:\DRS\KV_Lekic\EDK\SDK\SDK_Export\hw\system_bd.bmm into \EDK_hw_platform\system_bd.bmm. 
10:00:40.503 INFO  - FPGA configured successfully with bitstream "D:/DRS/KV_Lekic/SDK/EDK_hw_platform/download.bit" 
10:00:52.226 INFO  - The new hardware specification file contains the same information as the current specification file. No changes were done to the workspace. 
10:01:06.045 ERROR - Unexpected error while parsing XMD response ?: com.google.gson.JsonSyntaxException: com.google.gson.stream.MalformedJsonException: invalid number or unquoted string near  
10:01:37.652 INFO  - Processing command line option -hwspec D:\DRS\KV_Lekic\EDK\SDK\SDK_Export\hw\system.xml. 
10:01:59.247 INFO  - FPGA configured successfully with bitstream "D:/DRS/KV_Lekic/SDK/EDK_hw_platform/download.bit" 
10:02:15.331 INFO  - FPGA configured successfully with bitstream "D:/DRS/KV_Lekic/SDK/EDK_hw_platform/download.bit" 
10:02:36.002 INFO  - FPGA configured successfully with bitstream "D:/DRS/KV_Lekic/SDK/EDK_hw_platform/download.bit" 
10:03:57.555 ERROR - Unexpected error while parsing XMD response ?: com.google.gson.JsonSyntaxException: com.google.gson.stream.MalformedJsonException: invalid number or unquoted string near  
10:08:37.514 INFO  - Processing command line option -hwspec D:\DRS\KV_Lekic\EDK\SDK\SDK_Export\hw\system.xml. 
10:08:42.662 INFO  - Updating .bit and .bmm files from XPS's export folder. 
10:08:43.913 INFO  - Copied contents of D:\DRS\KV_Lekic\EDK\SDK\SDK_Export\hw\system.bit into \EDK_hw_platform\system.bit. 
10:08:43.916 INFO  - Copied contents of D:\DRS\KV_Lekic\EDK\SDK\SDK_Export\hw\system_bd.bmm into \EDK_hw_platform\system_bd.bmm. 
10:08:51.090 INFO  - FPGA configured successfully with bitstream "D:/DRS/KV_Lekic/SDK/EDK_hw_platform/download.bit" 
10:09:52.337 INFO  - FPGA configured successfully with bitstream "D:/DRS/KV_Lekic/SDK/EDK_hw_platform/download.bit" 
10:10:10.077 INFO  - FPGA configured successfully with bitstream "D:/DRS/KV_Lekic/SDK/EDK_hw_platform/download.bit" 
10:10:35.153 INFO  - FPGA configured successfully with bitstream "D:/DRS/KV_Lekic/SDK/EDK_hw_platform/download.bit" 
10:15:20.917 ERROR - Unexpected error while parsing XMD response ?: com.google.gson.JsonSyntaxException: com.google.gson.stream.MalformedJsonException: invalid number or unquoted string near  
10:18:19.109 INFO  - Processing command line option -hwspec D:\DRS\KV_Lekic\EDK\SDK\SDK_Export\hw\system.xml. 
10:18:24.186 INFO  - Updating .bit and .bmm files from XPS's export folder. 
10:18:25.383 INFO  - Copied contents of D:\DRS\KV_Lekic\EDK\SDK\SDK_Export\hw\system.bit into \EDK_hw_platform\system.bit. 
10:18:25.386 INFO  - Copied contents of D:\DRS\KV_Lekic\EDK\SDK\SDK_Export\hw\system_bd.bmm into \EDK_hw_platform\system_bd.bmm. 
10:18:34.383 INFO  - FPGA configured successfully with bitstream "D:/DRS/KV_Lekic/SDK/EDK_hw_platform/download.bit" 
10:26:43.365 INFO  - FPGA configured successfully with bitstream "D:/DRS/KV_Lekic/SDK/EDK_hw_platform/download.bit" 
10:27:16.526 ERROR - Unexpected error while parsing XMD response ?: com.google.gson.JsonSyntaxException: com.google.gson.stream.MalformedJsonException: invalid number or unquoted string near  
10:27:32.307 INFO  - Processing command line option -hwspec D:\DRS\KV_Lekic\EDK\SDK\SDK_Export\hw\system.xml. 
10:27:37.314 INFO  - Updating .bit and .bmm files from XPS's export folder. 
10:27:38.994 INFO  - Copied contents of D:\DRS\KV_Lekic\EDK\SDK\SDK_Export\hw\system.bit into \EDK_hw_platform\system.bit. 
10:27:38.997 INFO  - Copied contents of D:\DRS\KV_Lekic\EDK\SDK\SDK_Export\hw\system_bd.bmm into \EDK_hw_platform\system_bd.bmm. 
10:27:54.607 INFO  - FPGA configured successfully with bitstream "D:/DRS/KV_Lekic/SDK/EDK_hw_platform/download.bit" 
10:28:10.650 INFO  - FPGA configured successfully with bitstream "D:/DRS/KV_Lekic/SDK/EDK_hw_platform/download.bit" 
10:28:25.281 INFO  - FPGA configured successfully with bitstream "D:/DRS/KV_Lekic/SDK/EDK_hw_platform/download.bit" 
10:29:24.629 INFO  - FPGA configured successfully with bitstream "D:/DRS/KV_Lekic/SDK/EDK_hw_platform/download.bit" 
10:33:56.326 ERROR - Unexpected error while parsing XMD response ?: com.google.gson.JsonSyntaxException: com.google.gson.stream.MalformedJsonException: invalid number or unquoted string near  
10:34:41.102 INFO  - Processing command line option -hwspec D:\DRS\KV_Lekic\EDK\SDK\SDK_Export\hw\system.xml. 
10:34:46.169 INFO  - Updating .bit and .bmm files from XPS's export folder. 
10:34:48.446 INFO  - Copied contents of D:\DRS\KV_Lekic\EDK\SDK\SDK_Export\hw\system.bit into \EDK_hw_platform\system.bit. 
10:34:48.449 INFO  - Copied contents of D:\DRS\KV_Lekic\EDK\SDK\SDK_Export\hw\system_bd.bmm into \EDK_hw_platform\system_bd.bmm. 
10:35:13.315 INFO  - Processing command line option -hwspec D:\DRS\KV_Lekic\EDK\SDK\SDK_Export\hw\system.xml. 
10:35:22.885 INFO  - FPGA configured successfully with bitstream "D:/DRS/KV_Lekic/SDK/EDK_hw_platform/download.bit" 
10:35:50.954 INFO  - FPGA configured successfully with bitstream "D:/DRS/KV_Lekic/SDK/EDK_hw_platform/download.bit" 
10:36:14.572 INFO  - FPGA configured successfully with bitstream "D:/DRS/KV_Lekic/SDK/EDK_hw_platform/download.bit" 
10:36:29.576 INFO  - Restoring local repository preferences: 
		 D:\DRS\KV_Lekic\EDK 
10:44:53.660 ERROR - Unexpected error while parsing XMD response ?: com.google.gson.JsonSyntaxException: com.google.gson.stream.MalformedJsonException: invalid number or unquoted string near  
10:45:09.639 INFO  - Processing command line option -hwspec D:\DRS\KV_Lekic\EDK\SDK\SDK_Export\hw\system.xml. 
10:45:14.669 INFO  - Updating .bit and .bmm files from XPS's export folder. 
10:45:15.987 INFO  - Copied contents of D:\DRS\KV_Lekic\EDK\SDK\SDK_Export\hw\system.bit into \EDK_hw_platform\system.bit. 
10:45:15.990 INFO  - Copied contents of D:\DRS\KV_Lekic\EDK\SDK\SDK_Export\hw\system_bd.bmm into \EDK_hw_platform\system_bd.bmm. 
10:45:22.831 INFO  - FPGA configured successfully with bitstream "D:/DRS/KV_Lekic/SDK/EDK_hw_platform/download.bit" 
10:45:52.003 INFO  - FPGA configured successfully with bitstream "D:/DRS/KV_Lekic/SDK/EDK_hw_platform/download.bit" 
10:46:06.037 INFO  - FPGA configured successfully with bitstream "D:/DRS/KV_Lekic/SDK/EDK_hw_platform/download.bit" 
10:46:12.232 ERROR - Unexpected error while parsing XMD response ?: com.google.gson.JsonSyntaxException: com.google.gson.stream.MalformedJsonException: invalid number or unquoted string near  
08:59:35.125 INFO  - Processing command line option -hwspec D:\DRS\KV_Lekic\EDK\SDK\SDK_Export\hw\system.xml. 
08:59:40.251 INFO  - Updating .bit and .bmm files from XPS's export folder. 
08:59:43.318 INFO  - Copied contents of D:\DRS\KV_Lekic\EDK\SDK\SDK_Export\hw\system.bit into \EDK_hw_platform\system.bit. 
08:59:43.320 INFO  - Copied contents of D:\DRS\KV_Lekic\EDK\SDK\SDK_Export\hw\system_bd.bmm into \EDK_hw_platform\system_bd.bmm. 
09:09:12.809 INFO  - FPGA configured successfully with bitstream "D:/DRS/KV_Lekic/SDK/EDK_hw_platform/download.bit" 
09:11:19.340 INFO  - FPGA configured successfully with bitstream "D:/DRS/KV_Lekic/SDK/EDK_hw_platform/download.bit" 
09:24:08.294 INFO  - Restoring local repository preferences: 
		 D:\DRS\KV_Lekic\EDK 
10:00:33.108 INFO  - FPGA configured successfully with bitstream "D:/DRS/KV_Lekic/SDK/EDK_hw_platform/download.bit" 
10:11:37.772 INFO  - FPGA configured successfully with bitstream "D:/DRS/KV_Lekic/SDK/EDK_hw_platform/download.bit" 
10:12:48.836 INFO  - FPGA configured successfully with bitstream "D:/DRS/KV_Lekic/SDK/EDK_hw_platform/download.bit" 
10:13:47.528 INFO  - FPGA configured successfully with bitstream "D:/DRS/KV_Lekic/SDK/EDK_hw_platform/download.bit" 
10:14:20.959 INFO  - FPGA configured successfully with bitstream "D:/DRS/KV_Lekic/SDK/EDK_hw_platform/download.bit" 
10:14:50.767 INFO  - FPGA configured successfully with bitstream "D:/DRS/KV_Lekic/SDK/EDK_hw_platform/download.bit" 
10:17:52.205 INFO  - FPGA configured successfully with bitstream "D:/DRS/KV_Lekic/SDK/EDK_hw_platform/download.bit" 
10:27:52.810 INFO  - FPGA configured successfully with bitstream "D:/DRS/KV_Lekic/SDK/EDK_hw_platform/download.bit" 
10:28:44.507 INFO  - FPGA configured successfully with bitstream "D:/DRS/KV_Lekic/SDK/EDK_hw_platform/download.bit" 
10:35:12.822 INFO  - FPGA configured successfully with bitstream "D:/DRS/KV_Lekic/SDK/EDK_hw_platform/download.bit" 
10:36:21.673 INFO  - FPGA configured successfully with bitstream "D:/DRS/KV_Lekic/SDK/EDK_hw_platform/download.bit" 
10:37:35.241 INFO  - FPGA configured successfully with bitstream "D:/DRS/KV_Lekic/SDK/EDK_hw_platform/download.bit" 
10:38:16.319 INFO  - FPGA configured successfully with bitstream "D:/DRS/KV_Lekic/SDK/EDK_hw_platform/download.bit" 
10:40:18.536 INFO  - FPGA configured successfully with bitstream "D:/DRS/KV_Lekic/SDK/EDK_hw_platform/download.bit" 
10:42:37.500 INFO  - FPGA configured successfully with bitstream "D:/DRS/KV_Lekic/SDK/EDK_hw_platform/download.bit" 
10:43:12.040 INFO  - FPGA configured successfully with bitstream "D:/DRS/KV_Lekic/SDK/EDK_hw_platform/download.bit" 
10:44:20.268 INFO  - FPGA configured successfully with bitstream "D:/DRS/KV_Lekic/SDK/EDK_hw_platform/download.bit" 
10:45:22.079 INFO  - FPGA configured successfully with bitstream "D:/DRS/KV_Lekic/SDK/EDK_hw_platform/download.bit" 
10:46:01.686 INFO  - FPGA configured successfully with bitstream "D:/DRS/KV_Lekic/SDK/EDK_hw_platform/download.bit" 
10:46:37.417 INFO  - FPGA configured successfully with bitstream "D:/DRS/KV_Lekic/SDK/EDK_hw_platform/download.bit" 
10:47:11.561 INFO  - FPGA configured successfully with bitstream "D:/DRS/KV_Lekic/SDK/EDK_hw_platform/download.bit" 
10:47:46.154 INFO  - FPGA configured successfully with bitstream "D:/DRS/KV_Lekic/SDK/EDK_hw_platform/download.bit" 
10:48:18.380 INFO  - FPGA configured successfully with bitstream "D:/DRS/KV_Lekic/SDK/EDK_hw_platform/download.bit" 
10:48:54.886 INFO  - FPGA configured successfully with bitstream "D:/DRS/KV_Lekic/SDK/EDK_hw_platform/download.bit" 
10:51:29.229 INFO  - FPGA configured successfully with bitstream "D:/DRS/KV_Lekic/SDK/EDK_hw_platform/download.bit" 
10:52:36.277 INFO  - FPGA configured successfully with bitstream "D:/DRS/KV_Lekic/SDK/EDK_hw_platform/download.bit" 
10:53:36.498 INFO  - FPGA configured successfully with bitstream "D:/DRS/KV_Lekic/SDK/EDK_hw_platform/download.bit" 
11:07:22.811 INFO  - FPGA configured successfully with bitstream "D:/DRS/KV_Lekic/SDK/EDK_hw_platform/download.bit" 
11:07:57.273 INFO  - FPGA configured successfully with bitstream "D:/DRS/KV_Lekic/SDK/EDK_hw_platform/download.bit" 
11:08:29.637 INFO  - FPGA configured successfully with bitstream "D:/DRS/KV_Lekic/SDK/EDK_hw_platform/download.bit" 
11:09:06.056 INFO  - FPGA configured successfully with bitstream "D:/DRS/KV_Lekic/SDK/EDK_hw_platform/download.bit" 
11:09:40.896 INFO  - FPGA configured successfully with bitstream "D:/DRS/KV_Lekic/SDK/EDK_hw_platform/download.bit" 
11:10:14.513 INFO  - FPGA configured successfully with bitstream "D:/DRS/KV_Lekic/SDK/EDK_hw_platform/download.bit" 
11:10:46.369 INFO  - FPGA configured successfully with bitstream "D:/DRS/KV_Lekic/SDK/EDK_hw_platform/download.bit" 
11:11:17.688 INFO  - FPGA configured successfully with bitstream "D:/DRS/KV_Lekic/SDK/EDK_hw_platform/download.bit" 
11:12:29.172 INFO  - FPGA configured successfully with bitstream "D:/DRS/KV_Lekic/SDK/EDK_hw_platform/download.bit" 
11:13:15.468 INFO  - FPGA configured successfully with bitstream "D:/DRS/KV_Lekic/SDK/EDK_hw_platform/download.bit" 
11:13:52.691 INFO  - FPGA configured successfully with bitstream "D:/DRS/KV_Lekic/SDK/EDK_hw_platform/download.bit" 
11:14:27.367 INFO  - FPGA configured successfully with bitstream "D:/DRS/KV_Lekic/SDK/EDK_hw_platform/download.bit" 
11:15:02.247 INFO  - FPGA configured successfully with bitstream "D:/DRS/KV_Lekic/SDK/EDK_hw_platform/download.bit" 
11:15:40.966 INFO  - FPGA configured successfully with bitstream "D:/DRS/KV_Lekic/SDK/EDK_hw_platform/download.bit" 
11:16:19.204 INFO  - FPGA configured successfully with bitstream "D:/DRS/KV_Lekic/SDK/EDK_hw_platform/download.bit" 
11:16:56.906 INFO  - FPGA configured successfully with bitstream "D:/DRS/KV_Lekic/SDK/EDK_hw_platform/download.bit" 
11:17:30.294 INFO  - FPGA configured successfully with bitstream "D:/DRS/KV_Lekic/SDK/EDK_hw_platform/download.bit" 
11:18:01.497 INFO  - FPGA configured successfully with bitstream "D:/DRS/KV_Lekic/SDK/EDK_hw_platform/download.bit" 
11:18:31.892 INFO  - FPGA configured successfully with bitstream "D:/DRS/KV_Lekic/SDK/EDK_hw_platform/download.bit" 
11:22:16.881 INFO  - FPGA configured successfully with bitstream "D:/DRS/KV_Lekic/SDK/EDK_hw_platform/download.bit" 
11:22:41.872 INFO  - FPGA configured successfully with bitstream "D:/DRS/KV_Lekic/SDK/EDK_hw_platform/download.bit" 
11:23:54.320 INFO  - FPGA configured successfully with bitstream "D:/DRS/KV_Lekic/SDK/EDK_hw_platform/download.bit" 
11:24:53.210 INFO  - FPGA configured successfully with bitstream "D:/DRS/KV_Lekic/SDK/EDK_hw_platform/download.bit" 
11:29:45.673 ERROR - Unexpected error while parsing XMD response ?: com.google.gson.JsonSyntaxException: com.google.gson.stream.MalformedJsonException: invalid number or unquoted string near  
08:51:11.438 INFO  - Processing command line option -hwspec D:\DRS\LV3_ceboKom\EDK\SDK\SDK_Export\hw\system.xml. 
08:51:15.914 INFO  - The hardware specification for project 'EDK_hw_platform' is different from D:\DRS\LV3_ceboKom\EDK\SDK\SDK_Export\hw\system.xml. 
08:51:16.370 INFO  - Copied contents of D:\DRS\LV3_ceboKom\EDK\SDK\SDK_Export\hw\system.xml into \EDK_hw_platform\system.xml. 
08:51:16.432 INFO  - Copied contents of D:\DRS\LV3_ceboKom\EDK\SDK\SDK_Export\hw\system.bit into \EDK_hw_platform\system.bit. 
08:51:16.445 INFO  - Copied contents of D:\DRS\LV3_ceboKom\EDK\SDK\SDK_Export\hw\system_bd.bmm into \EDK_hw_platform\system_bd.bmm. 
08:51:16.662 INFO  - Synchronizing projects in the workspace with the hardware platform specification changes. 
08:51:20.464 INFO  - Restoring local repository preferences: 
		 D:\DRS\KV_Lekic\EDK 
08:51:21.630 INFO  - Updating hardware inferred compiler options for project. 
08:51:21.661 INFO  - Clearing existing target manager status. 
09:30:28.300 ERROR - Unexpected error while parsing XMD response ?: com.google.gson.JsonSyntaxException: com.google.gson.stream.MalformedJsonException: invalid number or unquoted string near  
09:46:02.399 INFO  - Processing command line option -hwspec D:\DRS\KV_Lekic\EDK\SDK\SDK_Export\hw\system.xml. 
09:46:04.306 INFO  - The hardware specification for project 'EDK_hw_platform' is different from D:\DRS\KV_Lekic\EDK\SDK\SDK_Export\hw\system.xml. 
09:46:04.627 INFO  - Copied contents of D:\DRS\KV_Lekic\EDK\SDK\SDK_Export\hw\system.xml into \EDK_hw_platform\system.xml. 
09:46:04.633 INFO  - Copied contents of D:\DRS\KV_Lekic\EDK\SDK\SDK_Export\hw\system.bit into \EDK_hw_platform\system.bit. 
09:46:04.635 INFO  - Copied contents of D:\DRS\KV_Lekic\EDK\SDK\SDK_Export\hw\system_bd.bmm into \EDK_hw_platform\system_bd.bmm. 
09:46:04.879 INFO  - Synchronizing projects in the workspace with the hardware platform specification changes. 
09:46:17.755 INFO  - Restoring local repository preferences: 
		 D:\DRS\KV_Lekic\EDK 
09:46:18.982 INFO  - Updating hardware inferred compiler options for project. 
09:46:19.017 INFO  - Clearing existing target manager status. 
09:46:36.409 INFO  - FPGA configured successfully with bitstream "D:/DRS/KV_Lekic/SDK/EDK_hw_platform/download.bit" 
09:48:20.638 ERROR - Unexpected error while parsing XMD response ?: com.google.gson.JsonSyntaxException: com.google.gson.stream.MalformedJsonException: invalid number or unquoted string near  
09:54:57.343 INFO  - Processing command line option -hwspec D:\DRS\KV_Lekic\EDK\SDK\SDK_Export\hw\system.xml. 
09:55:02.439 INFO  - Updating .bit and .bmm files from XPS's export folder. 
09:55:06.678 INFO  - Copied contents of D:\DRS\KV_Lekic\EDK\SDK\SDK_Export\hw\system.bit into \EDK_hw_platform\system.bit. 
09:55:06.685 INFO  - Copied contents of D:\DRS\KV_Lekic\EDK\SDK\SDK_Export\hw\system_bd.bmm into \EDK_hw_platform\system_bd.bmm. 
09:56:22.931 INFO  - FPGA configured successfully with bitstream "D:/DRS/KV_Lekic/SDK/EDK_hw_platform/download.bit" 
09:57:09.900 INFO  - FPGA configured successfully with bitstream "D:/DRS/KV_Lekic/SDK/EDK_hw_platform/download.bit" 
09:59:10.487 INFO  - FPGA configured successfully with bitstream "D:/DRS/KV_Lekic/SDK/EDK_hw_platform/download.bit" 
10:01:59.372 INFO  - FPGA configured successfully with bitstream "D:/DRS/KV_Lekic/SDK/EDK_hw_platform/download.bit" 
10:02:21.265 ERROR - Unexpected error while fetching XMD's response:  java.net.SocketException: Connection reset
	at java.net.SocketInputStream.read(Unknown Source)
	at sun.nio.cs.StreamDecoder.readBytes(Unknown Source)

10:02:21.267 ERROR - Zero sized response read from XMD. This indicates a communication error or a programming error. 
10:02:38.042 ERROR - Unexpected error while issuing command {"command": "xdisconnect -cable"} to XMD: java.net.SocketException: Connection reset by peer: socket write error 
10:03:11.384 ERROR - Unexpected error while issuing command {"command": "xdisconnect -cable"} to XMD: java.net.SocketException: Connection reset by peer: socket write error 
10:04:38.848 ERROR - Unexpected error while issuing command {"command": "xdisconnect -cable"} to XMD: java.net.SocketException: Connection reset by peer: socket write error 
10:05:00.539 ERROR - Unexpected error while issuing command {"command": "xdisconnect -cable"} to XMD: java.net.SocketException: Connection reset by peer: socket write error 
10:05:37.845 ERROR - Unexpected error while issuing command {"command": "xdisconnect -cable"} to XMD: java.net.SocketException: Connection reset by peer: socket write error 
10:06:05.216 INFO  - Processing command line option -hwspec D:\DRS\KV_Lekic\EDK\SDK\SDK_Export\hw\system.xml. 
10:06:16.262 INFO  - FPGA configured successfully with bitstream "D:/DRS/KV_Lekic/SDK/EDK_hw_platform/download.bit" 
10:44:31.782 ERROR - Unexpected error while parsing XMD response ?: com.google.gson.JsonSyntaxException: com.google.gson.stream.MalformedJsonException: invalid number or unquoted string near  
10:45:53.887 INFO  - Processing command line option -hwspec D:\DRS\KV_Lekic\EDK\SDK\SDK_Export\hw\system.xml. 
10:45:59.858 INFO  - Updating .bit and .bmm files from XPS's export folder. 
10:46:01.415 INFO  - Copied contents of D:\DRS\KV_Lekic\EDK\SDK\SDK_Export\hw\system.bit into \EDK_hw_platform\system.bit. 
10:46:01.418 INFO  - Copied contents of D:\DRS\KV_Lekic\EDK\SDK\SDK_Export\hw\system_bd.bmm into \EDK_hw_platform\system_bd.bmm. 
10:46:04.632 INFO  - FPGA configured successfully with bitstream "D:/DRS/KV_Lekic/SDK/EDK_hw_platform/download.bit" 
10:46:38.635 INFO  - FPGA configured successfully with bitstream "D:/DRS/KV_Lekic/SDK/EDK_hw_platform/download.bit" 
10:57:41.058 ERROR - Unexpected error while parsing XMD response ?: com.google.gson.JsonSyntaxException: com.google.gson.stream.MalformedJsonException: invalid number or unquoted string near  
10:57:58.018 INFO  - Processing command line option -hwspec D:\DRS\KV_Lekic\EDK\SDK\SDK_Export\hw\system.xml. 
10:58:03.059 INFO  - Updating .bit and .bmm files from XPS's export folder. 
10:58:04.604 INFO  - Copied contents of D:\DRS\KV_Lekic\EDK\SDK\SDK_Export\hw\system.bit into \EDK_hw_platform\system.bit. 
10:58:04.607 INFO  - Copied contents of D:\DRS\KV_Lekic\EDK\SDK\SDK_Export\hw\system_bd.bmm into \EDK_hw_platform\system_bd.bmm. 
10:58:14.634 INFO  - FPGA configured successfully with bitstream "D:/DRS/KV_Lekic/SDK/EDK_hw_platform/download.bit" 
11:04:26.063 ERROR - Unexpected error while parsing XMD response ?: com.google.gson.JsonSyntaxException: com.google.gson.stream.MalformedJsonException: invalid number or unquoted string near  
11:09:14.571 INFO  - Processing command line option -hwspec D:\DRS\KV_Lekic\EDK\SDK\SDK_Export\hw\system.xml. 
11:09:19.611 INFO  - Updating .bit and .bmm files from XPS's export folder. 
11:09:20.947 INFO  - Copied contents of D:\DRS\KV_Lekic\EDK\SDK\SDK_Export\hw\system.bit into \EDK_hw_platform\system.bit. 
11:09:20.950 INFO  - Copied contents of D:\DRS\KV_Lekic\EDK\SDK\SDK_Export\hw\system_bd.bmm into \EDK_hw_platform\system_bd.bmm. 
11:09:30.763 INFO  - FPGA configured successfully with bitstream "D:/DRS/KV_Lekic/SDK/EDK_hw_platform/download.bit" 
11:24:13.766 ERROR - Unexpected error while parsing XMD response ?: com.google.gson.JsonSyntaxException: com.google.gson.stream.MalformedJsonException: invalid number or unquoted string near  
11:28:57.043 INFO  - Processing command line option -hwspec D:\DRS\KV_Lekic\EDK\SDK\SDK_Export\hw\system.xml. 
11:29:02.087 INFO  - Updating .bit and .bmm files from XPS's export folder. 
11:29:07.711 INFO  - Copied contents of D:\DRS\KV_Lekic\EDK\SDK\SDK_Export\hw\system.bit into \EDK_hw_platform\system.bit. 
11:29:07.713 INFO  - Copied contents of D:\DRS\KV_Lekic\EDK\SDK\SDK_Export\hw\system_bd.bmm into \EDK_hw_platform\system_bd.bmm. 
11:29:18.169 INFO  - FPGA configured successfully with bitstream "D:/DRS/KV_Lekic/SDK/EDK_hw_platform/download.bit" 
11:36:22.418 ERROR - Unexpected error while parsing XMD response ?: com.google.gson.JsonSyntaxException: com.google.gson.stream.MalformedJsonException: invalid number or unquoted string near  
11:36:40.478 INFO  - Processing command line option -hwspec D:\DRS\KV_Lekic\EDK\SDK\SDK_Export\hw\system.xml. 
11:36:45.596 INFO  - Updating .bit and .bmm files from XPS's export folder. 
11:36:47.107 INFO  - Copied contents of D:\DRS\KV_Lekic\EDK\SDK\SDK_Export\hw\system.bit into \EDK_hw_platform\system.bit. 
11:36:47.110 INFO  - Copied contents of D:\DRS\KV_Lekic\EDK\SDK\SDK_Export\hw\system_bd.bmm into \EDK_hw_platform\system_bd.bmm. 
11:36:57.082 INFO  - FPGA configured successfully with bitstream "D:/DRS/KV_Lekic/SDK/EDK_hw_platform/download.bit" 
11:39:23.456 ERROR - Unexpected error while parsing XMD response ?: com.google.gson.JsonSyntaxException: com.google.gson.stream.MalformedJsonException: invalid number or unquoted string near  
12:34:37.052 INFO  - Processing command line option -hwspec D:\DRS\KV_Lekic\EDK\SDK\SDK_Export\hw\system.xml. 
12:34:42.140 INFO  - Updating .bit and .bmm files from XPS's export folder. 
12:34:43.383 INFO  - Copied contents of D:\DRS\KV_Lekic\EDK\SDK\SDK_Export\hw\system.bit into \EDK_hw_platform\system.bit. 
12:34:43.386 INFO  - Copied contents of D:\DRS\KV_Lekic\EDK\SDK\SDK_Export\hw\system_bd.bmm into \EDK_hw_platform\system_bd.bmm. 
12:34:56.111 INFO  - FPGA configured successfully with bitstream "D:/DRS/KV_Lekic/SDK/EDK_hw_platform/download.bit" 
12:36:55.716 INFO  - FPGA configured successfully with bitstream "D:/DRS/KV_Lekic/SDK/EDK_hw_platform/download.bit" 
12:52:16.559 ERROR - Unexpected error while parsing XMD response ?: com.google.gson.JsonSyntaxException: com.google.gson.stream.MalformedJsonException: invalid number or unquoted string near  
12:59:00.070 INFO  - Processing command line option -hwspec D:\DRS\KV_Lekic\EDK\SDK\SDK_Export\hw\system.xml. 
12:59:05.236 INFO  - Updating .bit and .bmm files from XPS's export folder. 
12:59:17.856 INFO  - Copied contents of D:\DRS\KV_Lekic\EDK\SDK\SDK_Export\hw\system.bit into \EDK_hw_platform\system.bit. 
12:59:17.858 INFO  - Copied contents of D:\DRS\KV_Lekic\EDK\SDK\SDK_Export\hw\system_bd.bmm into \EDK_hw_platform\system_bd.bmm. 
12:59:28.050 INFO  - FPGA configured successfully with bitstream "D:/DRS/KV_Lekic/SDK/EDK_hw_platform/download.bit" 
13:19:43.137 INFO  - FPGA configured successfully with bitstream "D:/DRS/KV_Lekic/SDK/EDK_hw_platform/download.bit" 
13:25:01.183 INFO  - FPGA configured successfully with bitstream "D:/DRS/KV_Lekic/SDK/EDK_hw_platform/download.bit" 
13:28:58.308 INFO  - FPGA configured successfully with bitstream "D:/DRS/KV_Lekic/SDK/EDK_hw_platform/download.bit" 
13:30:43.248 INFO  - FPGA configured successfully with bitstream "D:/DRS/KV_Lekic/SDK/EDK_hw_platform/download.bit" 
13:32:05.784 INFO  - FPGA configured successfully with bitstream "D:/DRS/KV_Lekic/SDK/EDK_hw_platform/download.bit" 
13:33:13.474 INFO  - FPGA configured successfully with bitstream "D:/DRS/KV_Lekic/SDK/EDK_hw_platform/download.bit" 
13:41:39.467 INFO  - FPGA configured successfully with bitstream "D:/DRS/KV_Lekic/SDK/EDK_hw_platform/download.bit" 
13:42:08.666 INFO  - FPGA configured successfully with bitstream "D:/DRS/KV_Lekic/SDK/EDK_hw_platform/download.bit" 
13:43:52.111 ERROR - Unexpected error while parsing XMD response ?: com.google.gson.JsonSyntaxException: com.google.gson.stream.MalformedJsonException: invalid number or unquoted string near  
13:46:04.272 INFO  - Processing command line option -hwspec D:\DRS\KV_Lekic\EDK\SDK\SDK_Export\hw\system.xml. 
13:46:43.400 INFO  - FPGA configured successfully with bitstream "D:/DRS/KV_Lekic/SDK/EDK_hw_platform/download.bit" 
13:48:44.428 INFO  - FPGA configured successfully with bitstream "D:/DRS/KV_Lekic/SDK/EDK_hw_platform/download.bit" 
13:49:20.429 INFO  - FPGA configured successfully with bitstream "D:/DRS/KV_Lekic/SDK/EDK_hw_platform/download.bit" 
13:50:44.343 INFO  - FPGA configured successfully with bitstream "D:/DRS/KV_Lekic/SDK/EDK_hw_platform/download.bit" 
13:51:44.629 INFO  - FPGA configured successfully with bitstream "D:/DRS/KV_Lekic/SDK/EDK_hw_platform/download.bit" 
13:55:45.770 INFO  - FPGA configured successfully with bitstream "D:/DRS/KV_Lekic/SDK/EDK_hw_platform/download.bit" 
13:57:15.415 INFO  - FPGA configured successfully with bitstream "D:/DRS/KV_Lekic/SDK/EDK_hw_platform/download.bit" 
14:13:22.738 ERROR - Unexpected error while parsing XMD response ?: com.google.gson.JsonSyntaxException: com.google.gson.stream.MalformedJsonException: invalid number or unquoted string near  
14:18:55.065 INFO  - Processing command line option -hwspec D:\DRS\KV_Lekic\EDK\SDK\SDK_Export\hw\system.xml. 
14:19:00.143 INFO  - Updating .bit and .bmm files from XPS's export folder. 
14:19:01.323 INFO  - Copied contents of D:\DRS\KV_Lekic\EDK\SDK\SDK_Export\hw\system.bit into \EDK_hw_platform\system.bit. 
14:19:01.326 INFO  - Copied contents of D:\DRS\KV_Lekic\EDK\SDK\SDK_Export\hw\system_bd.bmm into \EDK_hw_platform\system_bd.bmm. 
14:19:10.269 INFO  - FPGA configured successfully with bitstream "D:/DRS/KV_Lekic/SDK/EDK_hw_platform/download.bit" 
14:22:04.394 INFO  - FPGA configured successfully with bitstream "D:/DRS/KV_Lekic/SDK/EDK_hw_platform/download.bit" 
09:51:52.347 INFO  - Processing command line option -hwspec D:\DRS\KV_Lekic\EDK\SDK\SDK_Export\hw\system.xml. 
09:51:57.552 INFO  - Updating .bit and .bmm files from XPS's export folder. 
09:52:04.210 INFO  - Copied contents of D:\DRS\KV_Lekic\EDK\SDK\SDK_Export\hw\system.bit into \EDK_hw_platform\system.bit. 
09:52:04.214 INFO  - Copied contents of D:\DRS\KV_Lekic\EDK\SDK\SDK_Export\hw\system_bd.bmm into \EDK_hw_platform\system_bd.bmm. 
10:22:20.545 ERROR - FPGA Configuration failed.Connection to Board Failed


    Failed to Open JTAG Cable
    Unknown Error
 
10:22:51.955 INFO  - FPGA configured successfully with bitstream "D:/DRS/KV_Lekic/SDK/EDK_hw_platform/download.bit" 
10:24:32.550 INFO  - FPGA configured successfully with bitstream "D:/DRS/KV_Lekic/SDK/EDK_hw_platform/download.bit" 
10:29:19.455 INFO  - FPGA configured successfully with bitstream "D:/DRS/KV_Lekic/SDK/EDK_hw_platform/download.bit" 
10:30:32.029 INFO  - FPGA configured successfully with bitstream "D:/DRS/KV_Lekic/SDK/EDK_hw_platform/download.bit" 
10:32:54.092 INFO  - FPGA configured successfully with bitstream "D:/DRS/KV_Lekic/SDK/EDK_hw_platform/download.bit" 
10:35:32.457 INFO  - FPGA configured successfully with bitstream "D:/DRS/KV_Lekic/SDK/EDK_hw_platform/download.bit" 
10:43:14.388 INFO  - FPGA configured successfully with bitstream "D:/DRS/KV_Lekic/SDK/EDK_hw_platform/download.bit" 
10:54:32.343 INFO  - FPGA configured successfully with bitstream "D:/DRS/KV_Lekic/SDK/EDK_hw_platform/download.bit" 
10:55:55.816 INFO  - FPGA configured successfully with bitstream "D:/DRS/KV_Lekic/SDK/EDK_hw_platform/download.bit" 
10:57:28.313 ERROR - Unexpected error while parsing XMD response ?: com.google.gson.JsonSyntaxException: com.google.gson.stream.MalformedJsonException: invalid number or unquoted string near  
